<?xml version="1.0" encoding="utf-8"?><testsuite errors="0" failures="0" name="pytest" skips="0" tests="1" time="0.549"><testcase classname="webapp.tests.test_http_connection.HttpServiceTestCase" file="webapp\tests\test_http_connection.py" line="184" name="test_add_item_to_cart_list" time="0.27901625633239746"><system-out>[&apos;name&apos;]user4132
[&apos;email&apos;]user4132@email.com
[&apos;password&apos;]12345678
[&apos;firstName&apos;]user4132
[&apos;lastName&apos;]user4132
[&apos;returnItems&apos;][]
[&apos;favorite&apos;][]
[&apos;created&apos;]2017-07-31 23:43:49.728394
[&apos;level&apos;]1
[&apos;group&apos;]cust
</system-out></testcase></testsuite>