<?xml version="1.0" encoding="utf-8"?><testsuite errors="0" failures="0" name="pytest" skips="0" tests="6" time="2.650"><testcase classname="webapp.tests.HttpServiceTestCase" file="webapp\tests.py" line="106" name="test_get_collection_name" time="0.10900640487670898"></testcase><testcase classname="webapp.tests.HttpServiceTestCase" file="webapp\tests.py" line="101" name="test_get_file_from_mongodb" time="0.009000539779663086"></testcase><testcase classname="webapp.tests.HttpServiceTestCase" file="webapp\tests.py" line="96" name="test_get_list_all_product" time="1.6100921630859375"></testcase><testcase classname="webapp.tests.HttpServiceTestCase" file="webapp\tests.py" line="36" name="test_post_a_file_to_http" time="0.03000164031982422"></testcase><testcase classname="webapp.tests.HttpServiceTestCase" file="webapp\tests.py" line="79" name="test_upload_20_products" time="0.4470255374908447"></testcase><testcase classname="webapp.tests.HttpServiceTestCase" file="webapp\tests.py" line="49" name="test_upload_file_product_then_delete_immediately" time="0.18001055717468262"></testcase></testsuite>